<?xml version="1.0" encoding="UTF-8"?>
<testng-results skipped="0" failed="1" ignored="0" total="1" passed="0">
  <reporter-output>
  </reporter-output>
  <suite name="Default suite" duration-ms="148471" started-at="2019-08-27T05:32:46Z" finished-at="2019-08-27T05:35:15Z">
    <groups>
    </groups>
    <test name="Default test" duration-ms="148471" started-at="2019-08-27T05:32:46Z" finished-at="2019-08-27T05:35:15Z">
      <class name="com.app.Android_App.CommunityRegistration">
        <test-method status="PASS" signature="htmlReport()[pri:0, instance:com.app.Android_App.CommunityRegistration@4b53f538]" name="htmlReport" is-config="true" duration-ms="143" started-at="2019-08-27T05:32:46Z" finished-at="2019-08-27T05:32:46Z">
          <reporter-output>
          </reporter-output>
        </test-method> <!-- htmlReport -->
        <test-method status="PASS" signature="setUp()[pri:0, instance:com.app.Android_App.CommunityRegistration@4b53f538]" name="setUp" is-config="true" duration-ms="7094" started-at="2019-08-27T05:32:46Z" finished-at="2019-08-27T05:32:53Z">
          <reporter-output>
          </reporter-output>
        </test-method> <!-- setUp -->
        <test-method status="FAIL" signature="testUntitled()[pri:0, instance:com.app.Android_App.CommunityRegistration@4b53f538]" name="testUntitled" duration-ms="132018" started-at="2019-08-27T05:32:53Z" finished-at="2019-08-27T05:35:05Z">
          <exception class="org.openqa.selenium.WebDriverException">
            <message>
              <![CDATA[unknown error (An unknown server-side error occurred. status='false'. Failed to complete internal method: 'click args: [NATIVE, xpath=((//*[@class='android.widget.Button'])[3])[1], 0, 1]', details: Failed to click 'xpath=((//*[@class='android.widget.Button'])[3])[1]'. Cannot click. The element is found but not visible on Screen)  (WARNING: The server did not provide any stacktrace information)
Command duration or timeout: 1.03 seconds
Build info: version: '2.52.0', revision: '4c2593cfc3689a7fcd7be52549167e5ccc93ad28', time: '2016-02-11 11:22:43'
System info: host: '10503-2F-4CE648138B', ip: '192.168.64.247', os.name: 'Windows 10', os.arch: 'amd64', os.version: '10.0', java.version: '1.8.0_161'
Driver info: io.appium.java_client.android.AndroidDriver
Capabilities [{appPackage=com.community.matrimony, device.majorVersion=9, dontGoHomeOnQuit=false, device.os=Android, noReset=false, dontStopAppOnReset=false, reservationDuration=240, reportFormat=xml, fullReset=false, platform=ANY, deviceUDID=32002b32ee5b451f, install.only.for.update=false, desired={appPackage=com.community.matrimony, appActivity=com.domaininstance.ui.activities.Splash, reportDirectory=reports, reportFormat=xml, udid=32002b32ee5b451f, platformName=Android, testName=Untitled}, device.serialNumber=32002b32ee5b451f, locationServicesAuthorized=false, device.version=9, reportDirectory=reports, autoWebview=false, udid=32002b32ee5b451f, platformName=Android, testName=Untitled, device.screenSize=720x1480, useKeystore=false, test.type=Mobile, device.manufacture=samsung, instrumentApp=false, appiumVersion=1.8.0, device.category=PHONE, autoDismissAlerts=false, reportUrl=C:\Users\Jyothi\appiumstudio-reports\reports\test3297, newSessionWaitTimeout=300, keystorePath=~/.android/debug.keystore, appActivity=com.domaininstance.ui.activities.Splash, waitForDeviceTimeout=120000, device.model=SM-J600GF, device.name=SM-J600GF, autoGrantPermissions=false, takeScreenshots=true, projectName=, autoAcceptAlerts=false}]
Session ID: c368781c-0aa5-4235-9ad6-10e866b19908]]>
            </message>
            <full-stacktrace>
              <![CDATA[org.openqa.selenium.WebDriverException: unknown error (An unknown server-side error occurred. status='false'. Failed to complete internal method: 'click args: [NATIVE, xpath=((//*[@class='android.widget.Button'])[3])[1], 0, 1]', details: Failed to click 'xpath=((//*[@class='android.widget.Button'])[3])[1]'. Cannot click. The element is found but not visible on Screen)  (WARNING: The server did not provide any stacktrace information)
Command duration or timeout: 1.03 seconds
Build info: version: '2.52.0', revision: '4c2593cfc3689a7fcd7be52549167e5ccc93ad28', time: '2016-02-11 11:22:43'
System info: host: '10503-2F-4CE648138B', ip: '192.168.64.247', os.name: 'Windows 10', os.arch: 'amd64', os.version: '10.0', java.version: '1.8.0_161'
Driver info: io.appium.java_client.android.AndroidDriver
Capabilities [{appPackage=com.community.matrimony, device.majorVersion=9, dontGoHomeOnQuit=false, device.os=Android, noReset=false, dontStopAppOnReset=false, reservationDuration=240, reportFormat=xml, fullReset=false, platform=ANY, deviceUDID=32002b32ee5b451f, install.only.for.update=false, desired={appPackage=com.community.matrimony, appActivity=com.domaininstance.ui.activities.Splash, reportDirectory=reports, reportFormat=xml, udid=32002b32ee5b451f, platformName=Android, testName=Untitled}, device.serialNumber=32002b32ee5b451f, locationServicesAuthorized=false, device.version=9, reportDirectory=reports, autoWebview=false, udid=32002b32ee5b451f, platformName=Android, testName=Untitled, device.screenSize=720x1480, useKeystore=false, test.type=Mobile, device.manufacture=samsung, instrumentApp=false, appiumVersion=1.8.0, device.category=PHONE, autoDismissAlerts=false, reportUrl=C:\Users\Jyothi\appiumstudio-reports\reports\test3297, newSessionWaitTimeout=300, keystorePath=~/.android/debug.keystore, appActivity=com.domaininstance.ui.activities.Splash, waitForDeviceTimeout=120000, device.model=SM-J600GF, device.name=SM-J600GF, autoGrantPermissions=false, takeScreenshots=true, projectName=, autoAcceptAlerts=false}]
Session ID: c368781c-0aa5-4235-9ad6-10e866b19908
at sun.reflect.NativeConstructorAccessorImpl.newInstance0(Native Method)
at sun.reflect.NativeConstructorAccessorImpl.newInstance(NativeConstructorAccessorImpl.java:62)
at sun.reflect.DelegatingConstructorAccessorImpl.newInstance(DelegatingConstructorAccessorImpl.java:45)
at java.lang.reflect.Constructor.newInstance(Constructor.java:423)
at org.openqa.selenium.remote.ErrorHandler.createThrowable(ErrorHandler.java:206)
at org.openqa.selenium.remote.ErrorHandler.throwIfResponseFailed(ErrorHandler.java:158)
at org.openqa.selenium.remote.RemoteWebDriver.execute(RemoteWebDriver.java:678)
at io.appium.java_client.DefaultGenericMobileDriver.execute(DefaultGenericMobileDriver.java:43)
at io.appium.java_client.AppiumDriver.execute(AppiumDriver.java:1)
at io.appium.java_client.android.AndroidDriver.execute(AndroidDriver.java:1)
at org.openqa.selenium.remote.RemoteWebElement.execute(RemoteWebElement.java:327)
at io.appium.java_client.DefaultGenericMobileElement.execute(DefaultGenericMobileElement.java:37)
at io.appium.java_client.MobileElement.execute(MobileElement.java:1)
at io.appium.java_client.android.AndroidElement.execute(AndroidElement.java:1)
at org.openqa.selenium.remote.RemoteWebElement.click(RemoteWebElement.java:85)
at com.app.Android_App.CommunityRegistration.testUntitled(CommunityRegistration.java:169)
at sun.reflect.NativeMethodAccessorImpl.invoke0(Native Method)
at sun.reflect.NativeMethodAccessorImpl.invoke(NativeMethodAccessorImpl.java:62)
at sun.reflect.DelegatingMethodAccessorImpl.invoke(DelegatingMethodAccessorImpl.java:43)
at java.lang.reflect.Method.invoke(Method.java:498)
at org.testng.internal.MethodInvocationHelper.invokeMethod(MethodInvocationHelper.java:124)
at org.testng.internal.Invoker.invokeMethod(Invoker.java:580)
at org.testng.internal.Invoker.invokeTestMethod(Invoker.java:716)
at org.testng.internal.Invoker.invokeTestMethods(Invoker.java:988)
at org.testng.internal.TestMethodWorker.invokeTestMethods(TestMethodWorker.java:125)
at org.testng.internal.TestMethodWorker.run(TestMethodWorker.java:109)
at org.testng.TestRunner.privateRun(TestRunner.java:648)
at org.testng.TestRunner.run(TestRunner.java:505)
at org.testng.SuiteRunner.runTest(SuiteRunner.java:455)
at org.testng.SuiteRunner.runSequentially(SuiteRunner.java:450)
at org.testng.SuiteRunner.privateRun(SuiteRunner.java:415)
at org.testng.SuiteRunner.run(SuiteRunner.java:364)
at org.testng.SuiteRunnerWorker.runSuite(SuiteRunnerWorker.java:52)
at org.testng.SuiteRunnerWorker.run(SuiteRunnerWorker.java:84)
at org.testng.TestNG.runSuitesSequentially(TestNG.java:1208)
at org.testng.TestNG.runSuitesLocally(TestNG.java:1137)
at org.testng.TestNG.runSuites(TestNG.java:1049)
at org.testng.TestNG.run(TestNG.java:1017)
at org.testng.remote.AbstractRemoteTestNG.run(AbstractRemoteTestNG.java:114)
at org.testng.remote.RemoteTestNG.initAndRun(RemoteTestNG.java:251)
at org.testng.remote.RemoteTestNG.main(RemoteTestNG.java:77)
]]>
            </full-stacktrace>
          </exception> <!-- org.openqa.selenium.WebDriverException -->
          <reporter-output>
          </reporter-output>
        </test-method> <!-- testUntitled -->
        <test-method status="PASS" signature="tearDown()[pri:0, instance:com.app.Android_App.CommunityRegistration@4b53f538]" name="tearDown" is-config="true" duration-ms="9340" started-at="2019-08-27T05:35:05Z" finished-at="2019-08-27T05:35:15Z">
          <reporter-output>
          </reporter-output>
        </test-method> <!-- tearDown -->
        <test-method status="PASS" signature="reportflush()[pri:0, instance:com.app.Android_App.CommunityRegistration@4b53f538]" name="reportflush" is-config="true" duration-ms="4319" started-at="2019-08-27T05:35:15Z" finished-at="2019-08-27T05:35:19Z">
          <reporter-output>
          </reporter-output>
        </test-method> <!-- reportflush -->
      </class> <!-- com.app.Android_App.CommunityRegistration -->
    </test> <!-- Default test -->
  </suite> <!-- Default suite -->
</testng-results>
