<?xml version="1.0" encoding="UTF-8"?>
<testng-results skipped="0" failed="0" ignored="0" total="1" passed="1">
  <reporter-output>
  </reporter-output>
  <suite name="Default suite" duration-ms="41664" started-at="2019-12-06T05:53:09Z" finished-at="2019-12-06T05:53:51Z">
    <groups>
    </groups>
    <test name="Default test" duration-ms="41664" started-at="2019-12-06T05:53:09Z" finished-at="2019-12-06T05:53:51Z">
      <class name="com.TestScripts.DivorceeLoginTest">
        <test-method status="PASS" signature="htmlReport()[pri:0, instance:com.TestScripts.DivorceeLoginTest@1e127982]" name="htmlReport" is-config="true" duration-ms="84" started-at="2019-12-06T05:53:06Z" finished-at="2019-12-06T05:53:06Z">
          <reporter-output>
          </reporter-output>
        </test-method> <!-- htmlReport -->
        <test-method status="PASS" signature="startUp()[pri:0, instance:com.TestScripts.DivorceeLoginTest@1e127982]" name="startUp" is-config="true" duration-ms="2514" started-at="2019-12-06T05:53:06Z" depends-on-methods="com.Base.BaseTest.htmlReport" finished-at="2019-12-06T05:53:09Z">
          <reporter-output>
          </reporter-output>
        </test-method> <!-- startUp -->
        <test-method status="PASS" signature="Login()[pri:0, instance:com.TestScripts.DivorceeLoginTest@1e127982]" name="Login" duration-ms="41468" started-at="2019-12-06T05:53:09Z" finished-at="2019-12-06T05:53:50Z">
          <reporter-output>
          </reporter-output>
        </test-method> <!-- Login -->
        <test-method status="PASS" signature="smsTest(org.testng.ITestResult)[pri:0, instance:com.TestScripts.DivorceeLoginTest@1e127982]" name="smsTest" is-config="true" duration-ms="184" started-at="2019-12-06T05:53:50Z" finished-at="2019-12-06T05:53:51Z">
          <params>
            <param index="0">
              <value>
                <![CDATA[[TestResult name=Login status=SUCCESS method=DivorceeLoginTest.Login()[pri:0, instance:com.TestScripts.DivorceeLoginTest@1e127982] output={null}]]]>
              </value>
            </param>
          </params>
          <reporter-output>
          </reporter-output>
        </test-method> <!-- smsTest -->
      </class> <!-- com.TestScripts.DivorceeLoginTest -->
    </test> <!-- Default test -->
  </suite> <!-- Default suite -->
</testng-results>
