<?xml version="1.0" encoding="UTF-8"?>
<testng-results skipped="0" failed="0" ignored="0" total="1" passed="1">
  <reporter-output>
  </reporter-output>
  <suite name="Default suite" duration-ms="89405" started-at="2019-11-26T12:39:15Z" finished-at="2019-11-26T12:40:45Z">
    <groups>
    </groups>
    <test name="Default test" duration-ms="89405" started-at="2019-11-26T12:39:15Z" finished-at="2019-11-26T12:40:45Z">
      <class name="TestScripts.wcsm">
        <test-method status="PASS" signature="setUp1()[pri:0, instance:TestScripts.wcsm@7cbd213e]" name="setUp1" is-config="true" duration-ms="3177" started-at="2019-11-26T12:39:16Z" finished-at="2019-11-26T12:39:19Z">
          <reporter-output>
          </reporter-output>
        </test-method> <!-- setUp1 -->
        <test-method status="PASS" signature="loginTest()[pri:0, instance:TestScripts.wcsm@7cbd213e]" name="loginTest" duration-ms="86211" started-at="2019-11-26T12:39:19Z" finished-at="2019-11-26T12:40:45Z">
          <reporter-output>
          </reporter-output>
        </test-method> <!-- loginTest -->
      </class> <!-- TestScripts.wcsm -->
    </test> <!-- Default test -->
  </suite> <!-- Default suite -->
</testng-results>
