<?xml version="1.0" encoding="UTF-8"?>
<testng-results skipped="0" failed="1" ignored="0" total="1" passed="0">
  <reporter-output>
  </reporter-output>
  <suite name="Default suite" duration-ms="219670" started-at="2019-05-17T11:18:23Z" finished-at="2019-05-17T11:22:02Z">
    <groups>
    </groups>
    <test name="Default test" duration-ms="219670" started-at="2019-05-17T11:18:23Z" finished-at="2019-05-17T11:22:02Z">
      <class name="TestScripts.MobileNumberCount">
        <test-method status="PASS" signature="setUp()[pri:0, instance:TestScripts.MobileNumberCount@4fcd19b3]" name="setUp" is-config="true" duration-ms="47203" started-at="2019-05-17T11:18:23Z" finished-at="2019-05-17T11:19:10Z">
          <reporter-output>
          </reporter-output>
        </test-method> <!-- setUp -->
        <test-method status="PASS" signature="login()[pri:0, instance:TestScripts.MobileNumberCount@4fcd19b3]" name="login" is-config="true" duration-ms="124770" started-at="2019-05-17T11:19:10Z" finished-at="2019-05-17T11:21:15Z">
          <reporter-output>
          </reporter-output>
        </test-method> <!-- login -->
        <test-method status="FAIL" signature="mobileNumber()[pri:0, instance:TestScripts.MobileNumberCount@4fcd19b3]" name="mobileNumber" duration-ms="44082" started-at="2019-05-17T11:21:15Z" finished-at="2019-05-17T11:21:59Z">
          <exception class="java.lang.StringIndexOutOfBoundsException">
            <message>
              <![CDATA[String index out of range: 18]]>
            </message>
            <full-stacktrace>
              <![CDATA[java.lang.StringIndexOutOfBoundsException: String index out of range: 18
at java.lang.String.substring(Unknown Source)
at TestScripts.MobileNumberCount.mobileNumber(MobileNumberCount.java:158)
at sun.reflect.NativeMethodAccessorImpl.invoke0(Native Method)
at sun.reflect.NativeMethodAccessorImpl.invoke(Unknown Source)
at sun.reflect.DelegatingMethodAccessorImpl.invoke(Unknown Source)
at java.lang.reflect.Method.invoke(Unknown Source)
at org.testng.internal.MethodInvocationHelper.invokeMethod(MethodInvocationHelper.java:124)
at org.testng.internal.Invoker.invokeMethod(Invoker.java:580)
at org.testng.internal.Invoker.invokeTestMethod(Invoker.java:716)
at org.testng.internal.Invoker.invokeTestMethods(Invoker.java:988)
at org.testng.internal.TestMethodWorker.invokeTestMethods(TestMethodWorker.java:125)
at org.testng.internal.TestMethodWorker.run(TestMethodWorker.java:109)
at org.testng.TestRunner.privateRun(TestRunner.java:648)
at org.testng.TestRunner.run(TestRunner.java:505)
at org.testng.SuiteRunner.runTest(SuiteRunner.java:455)
at org.testng.SuiteRunner.runSequentially(SuiteRunner.java:450)
at org.testng.SuiteRunner.privateRun(SuiteRunner.java:415)
at org.testng.SuiteRunner.run(SuiteRunner.java:364)
at org.testng.SuiteRunnerWorker.runSuite(SuiteRunnerWorker.java:52)
at org.testng.SuiteRunnerWorker.run(SuiteRunnerWorker.java:84)
at org.testng.TestNG.runSuitesSequentially(TestNG.java:1208)
at org.testng.TestNG.runSuitesLocally(TestNG.java:1137)
at org.testng.TestNG.runSuites(TestNG.java:1049)
at org.testng.TestNG.run(TestNG.java:1017)
at org.testng.remote.AbstractRemoteTestNG.run(AbstractRemoteTestNG.java:114)
at org.testng.remote.RemoteTestNG.initAndRun(RemoteTestNG.java:251)
at org.testng.remote.RemoteTestNG.main(RemoteTestNG.java:77)
]]>
            </full-stacktrace>
          </exception> <!-- java.lang.StringIndexOutOfBoundsException -->
          <reporter-output>
          </reporter-output>
        </test-method> <!-- mobileNumber -->
        <test-method status="PASS" signature="screenShot(org.testng.ITestResult)[pri:0, instance:TestScripts.MobileNumberCount@4fcd19b3]" name="screenShot" is-config="true" duration-ms="2" started-at="2019-05-17T11:21:59Z" finished-at="2019-05-17T11:21:59Z">
          <params>
            <param index="0">
              <value>
                <![CDATA[[TestResult name=mobileNumber status=FAILURE method=MobileNumberCount.mobileNumber()[pri:0, instance:TestScripts.MobileNumberCount@4fcd19b3] output={null}]]]>
              </value>
            </param>
          </params>
          <reporter-output>
          </reporter-output>
        </test-method> <!-- screenShot -->
        <test-method status="PASS" signature="tearDown()[pri:0, instance:TestScripts.MobileNumberCount@4fcd19b3]" name="tearDown" is-config="true" duration-ms="3597" started-at="2019-05-17T11:21:59Z" finished-at="2019-05-17T11:22:02Z">
          <reporter-output>
          </reporter-output>
        </test-method> <!-- tearDown -->
      </class> <!-- TestScripts.MobileNumberCount -->
    </test> <!-- Default test -->
  </suite> <!-- Default suite -->
</testng-results>
